=======================================
碳原子（Z=6）计算
开始时间: 2025-10-08 16:07:09
=======================================

[1/3] 运行 C 原子 LSDA-VWN 计算...
[LSDA VWN] iter=1 |dn|_inf=2.297e+01
[LSDA VWN] iter=10 |dn|_inf=2.723e-01
[LSDA VWN] iter=20 |dn|_inf=1.357e-03
[LSDA VWN] iter=30 |dn|_inf=7.641e-05
[LSDA VWN] iter=40 |dn|_inf=3.645e-06

======================================================================
原子计算结果 (Z=6, LSDA-VWN)
======================================================================

状态: ✅ 收敛 (45 轮)

总能量: -36.52197454 Ha
  外势能: -86.29319436 Ha
  Hartree: 17.27937883 Ha
  交换能: -3.44140787 Ha
  关联能: -0.35165914 Ha
  动能 T_s: 36.28490801 Ha

轨道能级（束缚态）:
    轨道     自旋     占据    epsilon (Ha)
------------------------------------------
    1s      ↓    1.0       -9.606398
    2s      ↓    1.0       -0.400525
    3s      ↓    0.0       -0.003005
    1s      ↑    1.0       -9.629262
    2s      ↑    1.0       -0.460706
    3s      ↑    0.0       -0.004286
    2p      ↓    0.0       -0.114263
    2p      ↑    2.0       -0.167836


⏱️  总用时: 91.23s

======================================================================
与 NIST LSD 参考数据对比
======================================================================

总能:
  参考: -37.47003100 Ha
  计算: -36.52197454 Ha
  相对误差: 2.530e-02

能级对比:
      轨道         参考 (Ha)         计算 (Ha)         相对误差
-------------------------------------------------------
     1sD     -9.94054600     -9.60639833    3.361e-02
     1su     -9.90580200     -9.62926176    2.792e-02
     2sD     -0.53127600     -0.40052476    2.461e-01
     2su     -0.43506600     -0.46070590    5.893e-02
     2pD     -0.22755700     -0.11426255    4.979e-01
     2pu     -0.13928500     -0.16783592    2.050e-01

✅ 结果已导出到: test_results/C_lsda.json
✓ LSDA 完成

[2/3] 运行 C 原子 RHF 计算...

======================================================================
原子计算结果 (Z=6, RHF)
======================================================================

状态: ✅ 收敛 (46 轮)

总能量: -37.46672876 Ha
  动能: 37.67762458 Ha
  核吸引能: -88.09603715 Ha
  Hartree 能: 17.80877904 Ha
  交换能: -4.85709524 Ha

轨道能级（束缚态）:
    轨道     占据    epsilon (Ha)
--------------------------------
    1s    2.0      -11.317097
    2s    2.0       -0.705938
    2p    2.0       -0.234452


⏱️  总用时: 232.72s

✅ 结果已导出到: test_results/C_rhf.json
✓ RHF 完成

[3/3] 运行 C 原子 UHF 计算...

======================================================================
原子计算结果 (Z=6, UHF)
======================================================================

状态: ✅ 收敛 (28 轮)

总能量: -37.46651462 Ha
  动能: 37.67636414 Ha
  核吸引能: -88.09221890 Ha
  Hartree 能: 17.80571640 Ha
  交换能: -4.85637626 Ha

轨道能级（束缚态）:
    轨道     占据    epsilon (Ha)
--------------------------------
    1s    2.0      -11.318002
    2s    2.0       -0.706154
    2p    2.0       -0.234793


⏱️  总用时: 248.54s

✅ 结果已导出到: test_results/C_uhf.json
✓ UHF 完成

=======================================
碳原子计算全部完成
结束时间: 2025-10-08 16:16:44
=======================================

生成的文件：
-rw-r--r--  1 gilbert  staff   281K 10月  8 16:08 test_results/C_lsda.json
-rw-r--r--  1 gilbert  staff    35K 10月  8 16:12 test_results/C_rhf.json
-rw-r--r--  1 gilbert  staff    70K 10月  8 16:16 test_results/C_uhf.json
