=======================================
é¢å¤–åŸå­ LSDA è®¡ç®—ï¼ˆHe, Li, Alï¼‰
å¼€å§‹æ—¶é—´: 2025-10-08 16:16:44
=======================================

[1/3] è¿è¡Œ He åŸå­ï¼ˆZ=¼‰LSDA-VWN è®¡ç®—...
[LSDA VWN] iter=1 |dn|_inf=7.594e-01
[LSDA VWN] iter=10 |dn|_inf=1.125e-02
[LSDA VWN] iter=20 |dn|_inf=3.705e-04
[LSDA VWN] iter=30 |dn|_inf=6.023e-06

======================================================================
åŸå­è®¡ç®—ç»“æœ (Z=2, LSDA-VWN)
======================================================================

çŠ¶æ€: âœ… æ”¶æ•› (35 è½®)

æ€»èƒ½é‡: -2.65576303 Ha
  å¤–åŠ¿èƒ½: -6.39768190 Ha
  Hartree: 1.91882705 Ha
  äº¤æ¢èƒ½: -0.65695836 Ha
  å…³è”èƒ½: -0.10950413 Ha
  åŠ¨èƒ½ T_s: 2.58955432 Ha

è½¨é“èƒ½çº§ï¼ˆæŸç¼šæ€ï¼‰:
    è½¨é“     è‡ªæ—‹     å æ®    epsilon (Ha)
------------------------------------------
    1s      â†“    1.0       -0.485322
    1s      â†‘    1.0       -0.485322


â±ï¸  æ€»ç”¨æ—¶: 36.44s

======================================================================
ä¸ NIST LSD å‚è€ƒæ•°æ®å¯¹æ¯”
======================================================================

æ€»èƒ½:
  å‚è€ƒ: -2.83483600 Ha
  è®¡ç®—: -2.65576303 Ha
  ç›¸å¯¹è¯¯å·®: 6.317e-02

èƒ½çº§å¯¹æ¯”:
      è½¨é“         å‚è€ƒ (Ha)         è®¡ç®— (Ha)         ç›¸å¯¹è¯¯å·®
-------------------------------------------------------
     1sD     -0.57042500     -0.48532224    1.492e-01
     1su     -0.57042500     -0.48532224    1.492e-01

âœ… ç»“æœå·²å¯¼å‡ºåˆ°: test_results/He_lsda.json
âœ“ He å®Œæˆ

[2/3] è¿è¡Œ Li åŸå­ï¼ˆZ=¼‰LSDA-VWN è®¡ç®—...
[LSDA VWN] iter=1 |dn|_inf=2.880e+00
[LSDA VWN] iter=10 |dn|_inf=2.850e-02
[LSDA VWN] iter=20 |dn|_inf=2.054e-03
[LSDA VWN] iter=30 |dn|_inf=6.201e-05
[LSDA VWN] iter=40 |dn|_inf=1.742e-06

======================================================================
åŸå­è®¡ç®—ç»“æœ (Z=3, LSDA-VWN)
======================================================================

çŠ¶æ€: âœ… æ”¶æ•› (42 è½®)

æ€»èƒ½é‡: -7.02633833 Ha
  å¤–åŠ¿èƒ½: -16.53175392 Ha
  Hartree: 3.89125636 Ha
  äº¤æ¢èƒ½: -1.16843110 Ha
  å…³è”èƒ½: -0.14877709 Ha
  åŠ¨èƒ½ T_s: 6.93136742 Ha

è½¨é“èƒ½çº§ï¼ˆæŸç¼šæ€ï¼‰:
    è½¨é“     è‡ªæ—‹     å æ®    epsilon (Ha)
------------------------------------------
    1s      â†“    1.0       -1.723461
    2s      â†“    0.0       -0.068592
    3s      â†“    0.0       -0.000633
    1s      â†‘    1.0       -1.728449
    2s      â†‘    1.0       -0.091400
    3s      â†‘    0.0       -0.001135
    2p      â†“    0.0       -0.017332
    2p      â†‘    0.0       -0.031567


â±ï¸  æ€»ç”¨æ—¶: 43.19s

======================================================================
ä¸ NIST LSD å‚è€ƒæ•°æ®å¯¹æ¯”
======================================================================

æ€»èƒ½:
  å‚è€ƒ: -7.34395700 Ha
  è®¡ç®—: -7.02633833 Ha
  ç›¸å¯¹è¯¯å·®: 4.325e-02

èƒ½çº§å¯¹æ¯”:
      è½¨é“         å‚è€ƒ (Ha)         è®¡ç®— (Ha)         ç›¸å¯¹è¯¯å·®
-------------------------------------------------------
     1sD     -1.87492600     -1.72346081    8.078e-02
     1su     -1.86717500     -1.72844873    7.430e-02
     2sD     -0.11630500     -0.06859246    4.102e-01
     2su     -0.07685500     -0.09139991    1.893e-01

âœ… ç»“æœå·²å¯¼å‡ºåˆ°: test_results/Li_lsda.json
âœ“ Li å®Œæˆ

[3/3] è¿è¡Œ Al åŸå­ï¼ˆZ=¼‰LSDA-VWN è®¡ç®—...
[LSDA VWN] iter=1 |dn|_inf=2.397e+02
[LSDA VWN] iter=10 |dn|_inf=4.909e+00
[LSDA VWN] iter=20 |dn|_inf=9.309e-02
[LSDA VWN] iter=30 |dn|_inf=1.707e-03
[LSDA VWN] iter=40 |dn|_inf=2.824e-05

======================================================================
åŸå­è®¡ç®—ç»“æœ (Z=13, LSDA-VWN)
======================================================================

çŠ¶æ€: âœ… æ”¶æ•› (48 è½®)

æ€»èƒ½é‡: -237.65389867 Ha
  å¤–åŠ¿èƒ½: -571.67740948 Ha
  Hartree: 110.99873835 Ha
  äº¤æ¢èƒ½: -12.90968450 Ha
  å…³è”èƒ½: -0.95830366 Ha
  åŠ¨èƒ½ T_s: 236.89276061 Ha

è½¨é“èƒ½çº§ï¼ˆæŸç¼šæ€ï¼‰:
    è½¨é“     è‡ªæ—‹     å æ®    epsilon (Ha)
------------------------------------------
    1s      â†“    1.0      -54.391091
    2s      â†“    1.0       -3.733117
    3s      â†“    1.0       -0.241649
    1s      â†‘    1.0      -54.392461
    2s      â†‘    1.0       -3.734736
    3s      â†‘    1.0       -0.254498
    2p      â†“    3.0       -2.371457
    3p      â†“    0.0       -0.069624
    2p      â†‘    3.0       -2.373521
    3p      â†‘    1.0       -0.080484


â±ï¸  æ€»ç”¨æ—¶: 92.97s

======================================================================
ä¸ NIST LSD å‚è€ƒæ•°æ®å¯¹æ¯”
======================================================================

æ€»èƒ½:
  å‚è€ƒ: -241.32115600 Ha
  è®¡ç®—: -237.65389867 Ha
  ç›¸å¯¹è¯¯å·®: 1.520e-02

èƒ½çº§å¯¹æ¯”:
      è½¨é“         å‚è€ƒ (Ha)         è®¡ç®— (Ha)         ç›¸å¯¹è¯¯å·®
-------------------------------------------------------
     1sD    -55.15397400    -54.39109126    1.383e-02
     1su    -55.15197700    -54.39246117    1.377e-02
     2sD     -3.93318900     -3.73311702    5.087e-02
     2su     -3.93070700     -3.73473600    4.986e-02
     2pD     -2.56271100     -2.37145744    7.463e-02
     2pu     -2.55953300     -2.37352084    7.267e-02
     3sD     -0.29627800     -0.24164881    1.844e-01
     3su     -0.27193400     -0.25449818    6.412e-02
     3pD     -0.11124700     -0.06962369    3.742e-01
     3pu     -0.08884300     -0.08048381    9.409e-02

âœ… ç»“æœå·²å¯¼å‡ºåˆ°: test_results/Al_lsda.json
âœ“ Al å®Œæˆ

=======================================
é¢å¤–åŸå­è®¡ç®—å…¨éƒ¨å®Œæˆ
ç»“æŸæ—¶é—´: 2025-10-08 16:19:39
=======================================

ç”Ÿæˆçš„æ–‡ä»¶ï¼š
-rw-r--r--  1 gilbert  staff   281K 10æœˆ  8 16:19 test_results/Al_lsda.json
-rw-r--r--  1 gilbert  staff   281K 10æœˆ  8 16:17 test_results/He_lsda.json
-rw-r--r--  1 gilbert  staff   281K 10æœˆ  8 16:18 test_results/Li_lsda.json
