=======================================
氢原子（Z=1）计算
开始时间: 2025-10-08 16:04:58
=======================================

[1/2] 运行 H 原子 LSDA-VWN 计算...
[LSDA VWN] iter=1 |dn|_inf=9.511e-02
[LSDA VWN] iter=10 |dn|_inf=9.678e-04
[LSDA VWN] iter=20 |dn|_inf=1.027e-04
[LSDA VWN] iter=30 |dn|_inf=3.026e-06

======================================================================
原子计算结果 (Z=1, LSDA-VWN)
======================================================================

状态: ✅ 收敛 (33 轮)

总能量: -0.42681171 Ha
  外势能: -0.90996650 Ha
  Hartree: 0.27927850 Ha
  交换能: -0.19035823 Ha
  关联能: -0.02098059 Ha
  动能 T_s: 0.41521511 Ha

轨道能级（束缚态）:
    轨道     自旋     占据    epsilon (Ha)
------------------------------------------
    1s      ↓    0.0       -0.095539
    1s      ↑    1.0       -0.214137


⏱️  总用时: 23.06s

======================================================================
与 NIST LSD 参考数据对比
======================================================================

总能:
  参考: -0.47867100 Ha
  计算: -0.42681171 Ha
  相对误差: 1.083e-01

能级对比:
      轨道         参考 (Ha)         计算 (Ha)         相对误差
-------------------------------------------------------
     1sD     -0.26897500     -0.09553920    6.448e-01
     1su     -0.10017500     -0.21413735    1.138e+00

✅ 结果已导出到: test_results/H_lsda.json
✓ LSDA 完成，结果已保存到 test_results/H_lsda.json

[2/2] 运行 H 原子 UHF 计算...

======================================================================
原子计算结果 (Z=1, UHF)
======================================================================

状态: ✅ 收敛 (23 轮)

总能量: -0.35727564 Ha
  动能: 0.35774568 Ha
  核吸引能: -0.84341295 Ha
  Hartree 能: 0.25678327 Ha
  交换能: -0.12839164 Ha

轨道能级（束缚态）:
    轨道     占据    epsilon (Ha)
--------------------------------
    1s    1.0       -0.229037


⏱️  总用时: 106.68s

✅ 结果已导出到: test_results/H_uhf.json
✓ UHF 完成，结果已保存到 test_results/H_uhf.json

=======================================
氢原子计算全部完成
结束时间: 2025-10-08 16:07:09
=======================================

生成的文件：
-rw-r--r--  1 gilbert  staff   281K 10月  8 16:05 test_results/H_lsda.json
-rw-r--r--  1 gilbert  staff    24K 10月  8 16:07 test_results/H_uhf.json
